{"/Users/nikhil/Desktop/crypto-credits-app/backend/app.js": {"path":"/Users/nikhil/Desktop/crypto-credits-app/backend/app.js","statementMap":{"0":{"start":{"line":1,"column":16},"end":{"line":1,"column":34}},"1":{"start":{"line":2,"column":17},"end":{"line":2,"column":36}},"2":{"start":{"line":3,"column":15},"end":{"line":3,"column":32}},"3":{"start":{"line":4,"column":13},"end":{"line":4,"column":28}},"4":{"start":{"line":5,"column":19},"end":{"line":5,"column":41}},"5":{"start":{"line":6,"column":19},"end":{"line":6,"column":43}},"6":{"start":{"line":7,"column":19},"end":{"line":7,"column":43}},"7":{"start":{"line":8,"column":13},"end":{"line":8,"column":37}},"8":{"start":{"line":11,"column":0},"end":{"line":11,"column":16}},"9":{"start":{"line":13,"column":12},"end":{"line":13,"column":21}},"10":{"start":{"line":16,"column":0},"end":{"line":16,"column":16}},"11":{"start":{"line":17,"column":0},"end":{"line":17,"column":27}},"12":{"start":{"line":20,"column":0},"end":{"line":24,"column":1}},"13":{"start":{"line":21,"column":2},"end":{"line":23,"column":65}},"14":{"start":{"line":22,"column":16},"end":{"line":22,"column":48}},"15":{"start":{"line":23,"column":18},"end":{"line":23,"column":63}},"16":{"start":{"line":27,"column":0},"end":{"line":29,"column":3}},"17":{"start":{"line":28,"column":2},"end":{"line":28,"column":41}},"18":{"start":{"line":32,"column":0},"end":{"line":32,"column":33}},"19":{"start":{"line":33,"column":0},"end":{"line":33,"column":33}},"20":{"start":{"line":36,"column":0},"end":{"line":96,"column":3}},"21":{"start":{"line":37,"column":2},"end":{"line":95,"column":3}},"22":{"start":{"line":38,"column":34},"end":{"line":38,"column":42}},"23":{"start":{"line":40,"column":4},"end":{"line":45,"column":5}},"24":{"start":{"line":41,"column":6},"end":{"line":44,"column":9}},"25":{"start":{"line":48,"column":17},"end":{"line":48,"column":57}},"26":{"start":{"line":49,"column":4},"end":{"line":54,"column":5}},"27":{"start":{"line":50,"column":6},"end":{"line":53,"column":9}},"28":{"start":{"line":57,"column":4},"end":{"line":62,"column":5}},"29":{"start":{"line":58,"column":6},"end":{"line":61,"column":9}},"30":{"start":{"line":66,"column":23},"end":{"line":66,"column":25}},"31":{"start":{"line":67,"column":23},"end":{"line":67,"column":35}},"32":{"start":{"line":68,"column":4},"end":{"line":68,"column":31}},"33":{"start":{"line":70,"column":4},"end":{"line":70,"column":22}},"34":{"start":{"line":72,"column":4},"end":{"line":72,"column":40}},"35":{"start":{"line":73,"column":4},"end":{"line":73,"column":38}},"36":{"start":{"line":74,"column":4},"end":{"line":74,"column":37}},"37":{"start":{"line":75,"column":4},"end":{"line":75,"column":46}},"38":{"start":{"line":76,"column":4},"end":{"line":76,"column":48}},"39":{"start":{"line":78,"column":4},"end":{"line":87,"column":7}},"40":{"start":{"line":90,"column":4},"end":{"line":90,"column":55}},"41":{"start":{"line":91,"column":4},"end":{"line":94,"column":7}},"42":{"start":{"line":99,"column":0},"end":{"line":216,"column":3}},"43":{"start":{"line":100,"column":2},"end":{"line":215,"column":3}},"44":{"start":{"line":101,"column":20},"end":{"line":101,"column":28}},"45":{"start":{"line":102,"column":4},"end":{"line":102,"column":44}},"46":{"start":{"line":103,"column":4},"end":{"line":103,"column":56}},"47":{"start":{"line":104,"column":4},"end":{"line":104,"column":77}},"48":{"start":{"line":109,"column":4},"end":{"line":141,"column":5}},"49":{"start":{"line":111,"column":6},"end":{"line":111,"column":28}},"50":{"start":{"line":112,"column":6},"end":{"line":115,"column":7}},"51":{"start":{"line":113,"column":8},"end":{"line":113,"column":64}},"52":{"start":{"line":114,"column":8},"end":{"line":114,"column":42}},"53":{"start":{"line":117,"column":6},"end":{"line":117,"column":47}},"54":{"start":{"line":118,"column":6},"end":{"line":121,"column":7}},"55":{"start":{"line":119,"column":8},"end":{"line":119,"column":74}},"56":{"start":{"line":120,"column":8},"end":{"line":120,"column":42}},"57":{"start":{"line":123,"column":6},"end":{"line":123,"column":50}},"58":{"start":{"line":124,"column":6},"end":{"line":124,"column":46}},"59":{"start":{"line":125,"column":6},"end":{"line":125,"column":35}},"60":{"start":{"line":126,"column":6},"end":{"line":126,"column":31}},"61":{"start":{"line":127,"column":6},"end":{"line":127,"column":23}},"62":{"start":{"line":129,"column":11},"end":{"line":141,"column":5}},"63":{"start":{"line":131,"column":6},"end":{"line":131,"column":48}},"64":{"start":{"line":132,"column":21},"end":{"line":132,"column":42}},"65":{"start":{"line":134,"column":6},"end":{"line":134,"column":40}},"66":{"start":{"line":138,"column":6},"end":{"line":138,"column":53}},"67":{"start":{"line":139,"column":6},"end":{"line":139,"column":57}},"68":{"start":{"line":140,"column":6},"end":{"line":140,"column":40}},"69":{"start":{"line":143,"column":4},"end":{"line":143,"column":40}},"70":{"start":{"line":144,"column":4},"end":{"line":144,"column":33}},"71":{"start":{"line":145,"column":4},"end":{"line":145,"column":29}},"72":{"start":{"line":146,"column":4},"end":{"line":146,"column":42}},"73":{"start":{"line":147,"column":4},"end":{"line":147,"column":35}},"74":{"start":{"line":148,"column":4},"end":{"line":148,"column":35}},"75":{"start":{"line":151,"column":4},"end":{"line":154,"column":5}},"76":{"start":{"line":152,"column":6},"end":{"line":152,"column":54}},"77":{"start":{"line":153,"column":6},"end":{"line":153,"column":40}},"78":{"start":{"line":156,"column":4},"end":{"line":161,"column":5}},"79":{"start":{"line":157,"column":6},"end":{"line":157,"column":66}},"80":{"start":{"line":158,"column":6},"end":{"line":158,"column":77}},"81":{"start":{"line":159,"column":6},"end":{"line":159,"column":37}},"82":{"start":{"line":160,"column":6},"end":{"line":160,"column":40}},"83":{"start":{"line":163,"column":4},"end":{"line":166,"column":5}},"84":{"start":{"line":164,"column":6},"end":{"line":164,"column":56}},"85":{"start":{"line":165,"column":6},"end":{"line":165,"column":40}},"86":{"start":{"line":168,"column":4},"end":{"line":171,"column":5}},"87":{"start":{"line":169,"column":6},"end":{"line":169,"column":49}},"88":{"start":{"line":170,"column":6},"end":{"line":170,"column":40}},"89":{"start":{"line":174,"column":17},"end":{"line":174,"column":60}},"90":{"start":{"line":175,"column":4},"end":{"line":178,"column":5}},"91":{"start":{"line":176,"column":6},"end":{"line":176,"column":71}},"92":{"start":{"line":177,"column":6},"end":{"line":177,"column":40}},"93":{"start":{"line":180,"column":4},"end":{"line":180,"column":66}},"94":{"start":{"line":183,"column":21},"end":{"line":183,"column":22}},"95":{"start":{"line":184,"column":4},"end":{"line":187,"column":45}},"96":{"start":{"line":184,"column":22},"end":{"line":184,"column":40}},"97":{"start":{"line":185,"column":9},"end":{"line":187,"column":45}},"98":{"start":{"line":185,"column":28},"end":{"line":185,"column":45}},"99":{"start":{"line":186,"column":9},"end":{"line":187,"column":45}},"100":{"start":{"line":186,"column":28},"end":{"line":186,"column":45}},"101":{"start":{"line":187,"column":9},"end":{"line":187,"column":45}},"102":{"start":{"line":187,"column":29},"end":{"line":187,"column":45}},"103":{"start":{"line":189,"column":4},"end":{"line":189,"column":38}},"104":{"start":{"line":190,"column":4},"end":{"line":190,"column":40}},"105":{"start":{"line":191,"column":4},"end":{"line":191,"column":47}},"106":{"start":{"line":192,"column":4},"end":{"line":192,"column":52}},"107":{"start":{"line":194,"column":4},"end":{"line":206,"column":5}},"108":{"start":{"line":195,"column":25},"end":{"line":195,"column":37}},"109":{"start":{"line":196,"column":6},"end":{"line":196,"column":33}},"110":{"start":{"line":197,"column":6},"end":{"line":197,"column":24}},"111":{"start":{"line":199,"column":6},"end":{"line":199,"column":45}},"112":{"start":{"line":200,"column":6},"end":{"line":200,"column":53}},"113":{"start":{"line":201,"column":6},"end":{"line":201,"column":50}},"114":{"start":{"line":202,"column":6},"end":{"line":202,"column":44}},"115":{"start":{"line":203,"column":6},"end":{"line":203,"column":41}},"116":{"start":{"line":205,"column":6},"end":{"line":205,"column":55}},"117":{"start":{"line":208,"column":4},"end":{"line":208,"column":47}},"118":{"start":{"line":209,"column":4},"end":{"line":209,"column":31}},"119":{"start":{"line":212,"column":4},"end":{"line":212,"column":41}},"120":{"start":{"line":213,"column":4},"end":{"line":213,"column":39}},"121":{"start":{"line":214,"column":4},"end":{"line":214,"column":53}},"122":{"start":{"line":219,"column":0},"end":{"line":222,"column":3}},"123":{"start":{"line":220,"column":2},"end":{"line":220,"column":27}},"124":{"start":{"line":221,"column":2},"end":{"line":221,"column":59}},"125":{"start":{"line":225,"column":0},"end":{"line":227,"column":3}},"126":{"start":{"line":226,"column":2},"end":{"line":226,"column":53}},"127":{"start":{"line":229,"column":0},"end":{"line":229,"column":21}}},"fnMap":{"0":{"name":"(anonymous_0)","decl":{"start":{"line":22,"column":10},"end":{"line":22,"column":11}},"loc":{"start":{"line":22,"column":16},"end":{"line":22,"column":48}},"line":22},"1":{"name":"(anonymous_1)","decl":{"start":{"line":23,"column":11},"end":{"line":23,"column":12}},"loc":{"start":{"line":23,"column":18},"end":{"line":23,"column":63}},"line":23},"2":{"name":"(anonymous_2)","decl":{"start":{"line":27,"column":13},"end":{"line":27,"column":14}},"loc":{"start":{"line":27,"column":27},"end":{"line":29,"column":1}},"line":27},"3":{"name":"(anonymous_3)","decl":{"start":{"line":36,"column":37},"end":{"line":36,"column":38}},"loc":{"start":{"line":36,"column":57},"end":{"line":96,"column":1}},"line":36},"4":{"name":"(anonymous_4)","decl":{"start":{"line":99,"column":25},"end":{"line":99,"column":26}},"loc":{"start":{"line":99,"column":45},"end":{"line":216,"column":1}},"line":99},"5":{"name":"(anonymous_5)","decl":{"start":{"line":219,"column":8},"end":{"line":219,"column":9}},"loc":{"start":{"line":219,"column":33},"end":{"line":222,"column":1}},"line":219},"6":{"name":"(anonymous_6)","decl":{"start":{"line":225,"column":8},"end":{"line":225,"column":9}},"loc":{"start":{"line":225,"column":22},"end":{"line":227,"column":1}},"line":225}},"branchMap":{"0":{"loc":{"start":{"line":20,"column":0},"end":{"line":24,"column":1}},"type":"if","locations":[{"start":{"line":20,"column":0},"end":{"line":24,"column":1}},{"start":{},"end":{}}],"line":20},"1":{"loc":{"start":{"line":40,"column":4},"end":{"line":45,"column":5}},"type":"if","locations":[{"start":{"line":40,"column":4},"end":{"line":45,"column":5}},{"start":{},"end":{}}],"line":40},"2":{"loc":{"start":{"line":40,"column":8},"end":{"line":40,"column":29}},"type":"binary-expr","locations":[{"start":{"line":40,"column":8},"end":{"line":40,"column":15}},{"start":{"line":40,"column":19},"end":{"line":40,"column":29}}],"line":40},"3":{"loc":{"start":{"line":49,"column":4},"end":{"line":54,"column":5}},"type":"if","locations":[{"start":{"line":49,"column":4},"end":{"line":54,"column":5}},{"start":{},"end":{}}],"line":49},"4":{"loc":{"start":{"line":57,"column":4},"end":{"line":62,"column":5}},"type":"if","locations":[{"start":{"line":57,"column":4},"end":{"line":62,"column":5}},{"start":{},"end":{}}],"line":57},"5":{"loc":{"start":{"line":109,"column":4},"end":{"line":141,"column":5}},"type":"if","locations":[{"start":{"line":109,"column":4},"end":{"line":141,"column":5}},{"start":{"line":129,"column":11},"end":{"line":141,"column":5}}],"line":109},"6":{"loc":{"start":{"line":112,"column":6},"end":{"line":115,"column":7}},"type":"if","locations":[{"start":{"line":112,"column":6},"end":{"line":115,"column":7}},{"start":{},"end":{}}],"line":112},"7":{"loc":{"start":{"line":117,"column":11},"end":{"line":117,"column":46}},"type":"binary-expr","locations":[{"start":{"line":117,"column":11},"end":{"line":117,"column":25}},{"start":{"line":117,"column":29},"end":{"line":117,"column":46}}],"line":117},"8":{"loc":{"start":{"line":118,"column":6},"end":{"line":121,"column":7}},"type":"if","locations":[{"start":{"line":118,"column":6},"end":{"line":121,"column":7}},{"start":{},"end":{}}],"line":118},"9":{"loc":{"start":{"line":129,"column":11},"end":{"line":141,"column":5}},"type":"if","locations":[{"start":{"line":129,"column":11},"end":{"line":141,"column":5}},{"start":{"line":136,"column":11},"end":{"line":141,"column":5}}],"line":129},"10":{"loc":{"start":{"line":129,"column":15},"end":{"line":129,"column":54}},"type":"binary-expr","locations":[{"start":{"line":129,"column":15},"end":{"line":129,"column":29}},{"start":{"line":129,"column":33},"end":{"line":129,"column":54}}],"line":129},"11":{"loc":{"start":{"line":151,"column":4},"end":{"line":154,"column":5}},"type":"if","locations":[{"start":{"line":151,"column":4},"end":{"line":154,"column":5}},{"start":{},"end":{}}],"line":151},"12":{"loc":{"start":{"line":151,"column":8},"end":{"line":151,"column":64}},"type":"binary-expr","locations":[{"start":{"line":151,"column":8},"end":{"line":151,"column":13}},{"start":{"line":151,"column":17},"end":{"line":151,"column":20}},{"start":{"line":151,"column":24},"end":{"line":151,"column":31}},{"start":{"line":151,"column":35},"end":{"line":151,"column":64}}],"line":151},"13":{"loc":{"start":{"line":156,"column":4},"end":{"line":161,"column":5}},"type":"if","locations":[{"start":{"line":156,"column":4},"end":{"line":161,"column":5}},{"start":{},"end":{}}],"line":156},"14":{"loc":{"start":{"line":163,"column":4},"end":{"line":166,"column":5}},"type":"if","locations":[{"start":{"line":163,"column":4},"end":{"line":166,"column":5}},{"start":{},"end":{}}],"line":163},"15":{"loc":{"start":{"line":163,"column":8},"end":{"line":163,"column":34}},"type":"binary-expr","locations":[{"start":{"line":163,"column":8},"end":{"line":163,"column":20}},{"start":{"line":163,"column":24},"end":{"line":163,"column":34}}],"line":163},"16":{"loc":{"start":{"line":168,"column":4},"end":{"line":171,"column":5}},"type":"if","locations":[{"start":{"line":168,"column":4},"end":{"line":171,"column":5}},{"start":{},"end":{}}],"line":168},"17":{"loc":{"start":{"line":175,"column":4},"end":{"line":178,"column":5}},"type":"if","locations":[{"start":{"line":175,"column":4},"end":{"line":178,"column":5}},{"start":{},"end":{}}],"line":175},"18":{"loc":{"start":{"line":184,"column":4},"end":{"line":187,"column":45}},"type":"if","locations":[{"start":{"line":184,"column":4},"end":{"line":187,"column":45}},{"start":{"line":185,"column":9},"end":{"line":187,"column":45}}],"line":184},"19":{"loc":{"start":{"line":185,"column":9},"end":{"line":187,"column":45}},"type":"if","locations":[{"start":{"line":185,"column":9},"end":{"line":187,"column":45}},{"start":{"line":186,"column":9},"end":{"line":187,"column":45}}],"line":185},"20":{"loc":{"start":{"line":186,"column":9},"end":{"line":187,"column":45}},"type":"if","locations":[{"start":{"line":186,"column":9},"end":{"line":187,"column":45}},{"start":{"line":187,"column":9},"end":{"line":187,"column":45}}],"line":186},"21":{"loc":{"start":{"line":187,"column":9},"end":{"line":187,"column":45}},"type":"if","locations":[{"start":{"line":187,"column":9},"end":{"line":187,"column":45}},{"start":{},"end":{}}],"line":187},"22":{"loc":{"start":{"line":194,"column":4},"end":{"line":206,"column":5}},"type":"if","locations":[{"start":{"line":194,"column":4},"end":{"line":206,"column":5}},{"start":{"line":204,"column":11},"end":{"line":206,"column":5}}],"line":194}},"s":{"0":6,"1":6,"2":6,"3":6,"4":6,"5":6,"6":6,"7":6,"8":6,"9":6,"10":6,"11":6,"12":6,"13":0,"14":0,"15":0,"16":6,"17":2,"18":6,"19":6,"20":6,"21":19,"22":19,"23":19,"24":3,"25":16,"26":15,"27":1,"28":14,"29":1,"30":13,"31":13,"32":13,"33":13,"34":13,"35":13,"36":13,"37":13,"38":13,"39":13,"40":1,"41":1,"42":6,"43":17,"44":17,"45":17,"46":17,"47":17,"48":17,"49":14,"50":14,"51":1,"52":1,"53":13,"54":13,"55":1,"56":1,"57":12,"58":12,"59":12,"60":12,"61":12,"62":2,"63":0,"64":0,"65":0,"66":2,"67":2,"68":2,"69":12,"70":12,"71":12,"72":12,"73":12,"74":12,"75":12,"76":0,"77":0,"78":12,"79":1,"80":1,"81":1,"82":1,"83":11,"84":2,"85":2,"86":9,"87":1,"88":1,"89":8,"90":7,"91":1,"92":1,"93":6,"94":6,"95":6,"96":1,"97":5,"98":1,"99":4,"100":2,"101":2,"102":1,"103":6,"104":6,"105":6,"106":6,"107":6,"108":5,"109":5,"110":5,"111":5,"112":5,"113":5,"114":5,"115":5,"116":1,"117":6,"118":6,"119":2,"120":2,"121":2,"122":6,"123":3,"124":3,"125":6,"126":7,"127":6},"f":{"0":0,"1":0,"2":2,"3":19,"4":17,"5":3,"6":7},"b":{"0":[0,6],"1":[3,16],"2":[19,17],"3":[1,14],"4":[1,13],"5":[14,2],"6":[1,13],"7":[13,13],"8":[1,12],"9":[0,2],"10":[2,0],"11":[0,12],"12":[12,12,12,12],"13":[1,11],"14":[2,9],"15":[11,11],"16":[1,8],"17":[1,6],"18":[1,5],"19":[1,4],"20":[2,2],"21":[1,1],"22":[5,1]},"_coverageSchema":"1a1c01bbd47fc00a2c39e90264f33305004495a9","hash":"0f907483adc9f41fa2abc8d077e818d29b56adb7"}
,"/Users/nikhil/Desktop/crypto-credits-app/backend/cleanup_db.js": {"path":"/Users/nikhil/Desktop/crypto-credits-app/backend/cleanup_db.js","statementMap":{"0":{"start":{"line":1,"column":17},"end":{"line":1,"column":36}},"1":{"start":{"line":2,"column":13},"end":{"line":2,"column":37}},"2":{"start":{"line":3,"column":0},"end":{"line":3,"column":27}},"3":{"start":{"line":6,"column":2},"end":{"line":75,"column":3}},"4":{"start":{"line":7,"column":4},"end":{"line":7,"column":44}},"5":{"start":{"line":8,"column":4},"end":{"line":8,"column":50}},"6":{"start":{"line":9,"column":4},"end":{"line":9,"column":43}},"7":{"start":{"line":12,"column":18},"end":{"line":12,"column":37}},"8":{"start":{"line":13,"column":4},"end":{"line":13,"column":59}},"9":{"start":{"line":16,"column":28},"end":{"line":16,"column":30}},"10":{"start":{"line":17,"column":23},"end":{"line":17,"column":25}},"11":{"start":{"line":19,"column":4},"end":{"line":31,"column":7}},"12":{"start":{"line":20,"column":6},"end":{"line":30,"column":7}},"13":{"start":{"line":21,"column":21},"end":{"line":21,"column":60}},"14":{"start":{"line":22,"column":8},"end":{"line":29,"column":9}},"15":{"start":{"line":23,"column":10},"end":{"line":26,"column":13}},"16":{"start":{"line":28,"column":10},"end":{"line":28,"column":43}},"17":{"start":{"line":33,"column":4},"end":{"line":33,"column":73}},"18":{"start":{"line":35,"column":4},"end":{"line":54,"column":5}},"19":{"start":{"line":36,"column":6},"end":{"line":36,"column":49}},"20":{"start":{"line":37,"column":6},"end":{"line":40,"column":9}},"21":{"start":{"line":38,"column":8},"end":{"line":38,"column":49}},"22":{"start":{"line":39,"column":8},"end":{"line":39,"column":56}},"23":{"start":{"line":43,"column":6},"end":{"line":53,"column":7}},"24":{"start":{"line":44,"column":33},"end":{"line":44,"column":80}},"25":{"start":{"line":46,"column":8},"end":{"line":52,"column":9}},"26":{"start":{"line":46,"column":21},"end":{"line":46,"column":22}},"27":{"start":{"line":47,"column":10},"end":{"line":47,"column":118}},"28":{"start":{"line":48,"column":10},"end":{"line":51,"column":12}},"29":{"start":{"line":57,"column":4},"end":{"line":57,"column":60}},"30":{"start":{"line":58,"column":4},"end":{"line":60,"column":7}},"31":{"start":{"line":59,"column":6},"end":{"line":59,"column":58}},"32":{"start":{"line":62,"column":4},"end":{"line":62,"column":55}},"33":{"start":{"line":63,"column":4},"end":{"line":66,"column":6}},"34":{"start":{"line":68,"column":4},"end":{"line":68,"column":60}},"35":{"start":{"line":71,"column":4},"end":{"line":71,"column":50}},"36":{"start":{"line":73,"column":4},"end":{"line":73,"column":32}},"37":{"start":{"line":74,"column":4},"end":{"line":74,"column":45}},"38":{"start":{"line":78,"column":0},"end":{"line":78,"column":18}}},"fnMap":{"0":{"name":"cleanupDatabase","decl":{"start":{"line":5,"column":15},"end":{"line":5,"column":30}},"loc":{"start":{"line":5,"column":33},"end":{"line":76,"column":1}},"line":5},"1":{"name":"(anonymous_1)","decl":{"start":{"line":19,"column":18},"end":{"line":19,"column":19}},"loc":{"start":{"line":19,"column":26},"end":{"line":31,"column":5}},"line":19},"2":{"name":"(anonymous_2)","decl":{"start":{"line":37,"column":25},"end":{"line":37,"column":26}},"loc":{"start":{"line":37,"column":32},"end":{"line":40,"column":7}},"line":37},"3":{"name":"(anonymous_3)","decl":{"start":{"line":58,"column":61},"end":{"line":58,"column":62}},"loc":{"start":{"line":58,"column":68},"end":{"line":60,"column":5}},"line":58}},"branchMap":{"0":{"loc":{"start":{"line":20,"column":6},"end":{"line":30,"column":7}},"type":"if","locations":[{"start":{"line":20,"column":6},"end":{"line":30,"column":7}},{"start":{},"end":{}}],"line":20},"1":{"loc":{"start":{"line":22,"column":8},"end":{"line":29,"column":9}},"type":"if","locations":[{"start":{"line":22,"column":8},"end":{"line":29,"column":9}},{"start":{"line":27,"column":15},"end":{"line":29,"column":9}}],"line":22},"2":{"loc":{"start":{"line":35,"column":4},"end":{"line":54,"column":5}},"type":"if","locations":[{"start":{"line":35,"column":4},"end":{"line":54,"column":5}},{"start":{},"end":{}}],"line":35}},"s":{"0":0,"1":0,"2":0,"3":0,"4":0,"5":0,"6":0,"7":0,"8":0,"9":0,"10":0,"11":0,"12":0,"13":0,"14":0,"15":0,"16":0,"17":0,"18":0,"19":0,"20":0,"21":0,"22":0,"23":0,"24":0,"25":0,"26":0,"27":0,"28":0,"29":0,"30":0,"31":0,"32":0,"33":0,"34":0,"35":0,"36":0,"37":0,"38":0},"f":{"0":0,"1":0,"2":0,"3":0},"b":{"0":[0,0],"1":[0,0],"2":[0,0]}}
,"/Users/nikhil/Desktop/crypto-credits-app/backend/debug_admin.js": {"path":"/Users/nikhil/Desktop/crypto-credits-app/backend/debug_admin.js","statementMap":{"0":{"start":{"line":1,"column":17},"end":{"line":1,"column":36}},"1":{"start":{"line":2,"column":13},"end":{"line":2,"column":37}},"2":{"start":{"line":3,"column":0},"end":{"line":3,"column":27}},"3":{"start":{"line":5,"column":0},"end":{"line":30,"column":3}},"4":{"start":{"line":6,"column":20},"end":{"line":6,"column":68}},"5":{"start":{"line":7,"column":2},"end":{"line":7,"column":47}},"6":{"start":{"line":8,"column":2},"end":{"line":8,"column":43}},"7":{"start":{"line":10,"column":2},"end":{"line":24,"column":3}},"8":{"start":{"line":11,"column":4},"end":{"line":11,"column":47}},"9":{"start":{"line":12,"column":4},"end":{"line":12,"column":52}},"10":{"start":{"line":13,"column":4},"end":{"line":13,"column":58}},"11":{"start":{"line":15,"column":4},"end":{"line":15,"column":47}},"12":{"start":{"line":16,"column":21},"end":{"line":21,"column":6}},"13":{"start":{"line":22,"column":4},"end":{"line":22,"column":26}},"14":{"start":{"line":23,"column":4},"end":{"line":23,"column":58}},"15":{"start":{"line":26,"column":2},"end":{"line":26,"column":18}},"16":{"start":{"line":28,"column":2},"end":{"line":28,"column":31}},"17":{"start":{"line":29,"column":2},"end":{"line":29,"column":18}}},"fnMap":{"0":{"name":"(anonymous_0)","decl":{"start":{"line":5,"column":45},"end":{"line":5,"column":46}},"loc":{"start":{"line":5,"column":57},"end":{"line":27,"column":1}},"line":5},"1":{"name":"(anonymous_1)","decl":{"start":{"line":27,"column":9},"end":{"line":27,"column":10}},"loc":{"start":{"line":27,"column":16},"end":{"line":30,"column":1}},"line":27}},"branchMap":{"0":{"loc":{"start":{"line":10,"column":2},"end":{"line":24,"column":3}},"type":"if","locations":[{"start":{"line":10,"column":2},"end":{"line":24,"column":3}},{"start":{"line":14,"column":9},"end":{"line":24,"column":3}}],"line":10}},"s":{"0":0,"1":0,"2":0,"3":0,"4":0,"5":0,"6":0,"7":0,"8":0,"9":0,"10":0,"11":0,"12":0,"13":0,"14":0,"15":0,"16":0,"17":0},"f":{"0":0,"1":0},"b":{"0":[0,0]}}
,"/Users/nikhil/Desktop/crypto-credits-app/backend/index.js": {"path":"/Users/nikhil/Desktop/crypto-credits-app/backend/index.js","statementMap":{"0":{"start":{"line":1,"column":12},"end":{"line":1,"column":28}},"1":{"start":{"line":2,"column":0},"end":{"line":2,"column":27}},"2":{"start":{"line":4,"column":13},"end":{"line":4,"column":37}},"3":{"start":{"line":7,"column":24},"end":{"line":7,"column":51}},"4":{"start":{"line":8,"column":20},"end":{"line":8,"column":76}},"5":{"start":{"line":8,"column":54},"end":{"line":8,"column":75}},"6":{"start":{"line":10,"column":0},"end":{"line":14,"column":1}},"7":{"start":{"line":11,"column":2},"end":{"line":11,"column":83}},"8":{"start":{"line":12,"column":2},"end":{"line":12,"column":73}},"9":{"start":{"line":13,"column":2},"end":{"line":13,"column":18}},"10":{"start":{"line":17,"column":0},"end":{"line":21,"column":3}},"11":{"start":{"line":18,"column":2},"end":{"line":18,"column":48}},"12":{"start":{"line":19,"column":2},"end":{"line":19,"column":71}},"13":{"start":{"line":20,"column":2},"end":{"line":20,"column":80}}},"fnMap":{"0":{"name":"(anonymous_0)","decl":{"start":{"line":8,"column":43},"end":{"line":8,"column":44}},"loc":{"start":{"line":8,"column":54},"end":{"line":8,"column":75}},"line":8},"1":{"name":"(anonymous_1)","decl":{"start":{"line":17,"column":17},"end":{"line":17,"column":18}},"loc":{"start":{"line":17,"column":23},"end":{"line":21,"column":1}},"line":17}},"branchMap":{"0":{"loc":{"start":{"line":4,"column":13},"end":{"line":4,"column":37}},"type":"binary-expr","locations":[{"start":{"line":4,"column":13},"end":{"line":4,"column":29}},{"start":{"line":4,"column":33},"end":{"line":4,"column":37}}],"line":4},"1":{"loc":{"start":{"line":10,"column":0},"end":{"line":14,"column":1}},"type":"if","locations":[{"start":{"line":10,"column":0},"end":{"line":14,"column":1}},{"start":{},"end":{}}],"line":10},"2":{"loc":{"start":{"line":19,"column":30},"end":{"line":19,"column":67}},"type":"binary-expr","locations":[{"start":{"line":19,"column":30},"end":{"line":19,"column":50}},{"start":{"line":19,"column":54},"end":{"line":19,"column":67}}],"line":19},"3":{"loc":{"start":{"line":20,"column":35},"end":{"line":20,"column":76}},"type":"binary-expr","locations":[{"start":{"line":20,"column":35},"end":{"line":20,"column":63}},{"start":{"line":20,"column":67},"end":{"line":20,"column":76}}],"line":20}},"s":{"0":0,"1":0,"2":0,"3":0,"4":0,"5":0,"6":0,"7":0,"8":0,"9":0,"10":0,"11":0,"12":0,"13":0},"f":{"0":0,"1":0},"b":{"0":[0,0],"1":[0,0],"2":[0,0],"3":[0,0]}}
,"/Users/nikhil/Desktop/crypto-credits-app/backend/middleware/auth.js": {"path":"/Users/nikhil/Desktop/crypto-credits-app/backend/middleware/auth.js","statementMap":{"0":{"start":{"line":1,"column":12},"end":{"line":1,"column":35}},"1":{"start":{"line":3,"column":0},"end":{"line":13,"column":2}},"2":{"start":{"line":4,"column":16},"end":{"line":4,"column":67}},"3":{"start":{"line":5,"column":2},"end":{"line":5,"column":74}},"4":{"start":{"line":5,"column":14},"end":{"line":5,"column":74}},"5":{"start":{"line":6,"column":2},"end":{"line":12,"column":3}},"6":{"start":{"line":7,"column":20},"end":{"line":7,"column":61}},"7":{"start":{"line":8,"column":4},"end":{"line":8,"column":32}},"8":{"start":{"line":9,"column":4},"end":{"line":9,"column":11}},"9":{"start":{"line":11,"column":4},"end":{"line":11,"column":53}}},"fnMap":{"0":{"name":"(anonymous_0)","decl":{"start":{"line":3,"column":17},"end":{"line":3,"column":18}},"loc":{"start":{"line":3,"column":37},"end":{"line":13,"column":1}},"line":3}},"branchMap":{"0":{"loc":{"start":{"line":5,"column":2},"end":{"line":5,"column":74}},"type":"if","locations":[{"start":{"line":5,"column":2},"end":{"line":5,"column":74}},{"start":{},"end":{}}],"line":5}},"s":{"0":6,"1":6,"2":41,"3":41,"4":5,"5":36,"6":36,"7":15,"8":15,"9":21},"f":{"0":41},"b":{"0":[5,36]},"_coverageSchema":"1a1c01bbd47fc00a2c39e90264f33305004495a9","hash":"51f4709f541676bebd0f247dd201418145061150"}
,"/Users/nikhil/Desktop/crypto-credits-app/backend/models/User.js": {"path":"/Users/nikhil/Desktop/crypto-credits-app/backend/models/User.js","statementMap":{"0":{"start":{"line":1,"column":17},"end":{"line":1,"column":36}},"1":{"start":{"line":2,"column":15},"end":{"line":2,"column":34}},"2":{"start":{"line":4,"column":19},"end":{"line":23,"column":2}},"3":{"start":{"line":26,"column":0},"end":{"line":30,"column":3}},"4":{"start":{"line":27,"column":2},"end":{"line":27,"column":50}},"5":{"start":{"line":27,"column":36},"end":{"line":27,"column":50}},"6":{"start":{"line":28,"column":2},"end":{"line":28,"column":55}},"7":{"start":{"line":29,"column":2},"end":{"line":29,"column":9}},"8":{"start":{"line":33,"column":0},"end":{"line":35,"column":2}},"9":{"start":{"line":34,"column":2},"end":{"line":34,"column":49}},"10":{"start":{"line":37,"column":0},"end":{"line":37,"column":52}}},"fnMap":{"0":{"name":"(anonymous_0)","decl":{"start":{"line":26,"column":23},"end":{"line":26,"column":24}},"loc":{"start":{"line":26,"column":44},"end":{"line":30,"column":1}},"line":26},"1":{"name":"(anonymous_1)","decl":{"start":{"line":33,"column":37},"end":{"line":33,"column":38}},"loc":{"start":{"line":33,"column":62},"end":{"line":35,"column":1}},"line":33}},"branchMap":{"0":{"loc":{"start":{"line":27,"column":2},"end":{"line":27,"column":50}},"type":"if","locations":[{"start":{"line":27,"column":2},"end":{"line":27,"column":50}},{"start":{},"end":{}}],"line":27}},"s":{"0":7,"1":7,"2":7,"3":7,"4":110,"5":19,"6":91,"7":91,"8":7,"9":6,"10":7},"f":{"0":110,"1":6},"b":{"0":[19,91]},"_coverageSchema":"1a1c01bbd47fc00a2c39e90264f33305004495a9","hash":"b55ccc40f5661ec5f24d80b7e26617c81859662d"}
,"/Users/nikhil/Desktop/crypto-credits-app/backend/routes/auth.js": {"path":"/Users/nikhil/Desktop/crypto-credits-app/backend/routes/auth.js","statementMap":{"0":{"start":{"line":1,"column":16},"end":{"line":1,"column":34}},"1":{"start":{"line":2,"column":12},"end":{"line":2,"column":35}},"2":{"start":{"line":3,"column":13},"end":{"line":3,"column":38}},"3":{"start":{"line":5,"column":15},"end":{"line":5,"column":31}},"4":{"start":{"line":8,"column":0},"end":{"line":37,"column":3}},"5":{"start":{"line":9,"column":2},"end":{"line":36,"column":3}},"6":{"start":{"line":10,"column":32},"end":{"line":10,"column":40}},"7":{"start":{"line":13,"column":4},"end":{"line":15,"column":5}},"8":{"start":{"line":14,"column":6},"end":{"line":14,"column":80}},"9":{"start":{"line":17,"column":4},"end":{"line":19,"column":5}},"10":{"start":{"line":18,"column":6},"end":{"line":18,"column":92}},"11":{"start":{"line":22,"column":23},"end":{"line":22,"column":51}},"12":{"start":{"line":23,"column":4},"end":{"line":25,"column":5}},"13":{"start":{"line":24,"column":6},"end":{"line":24,"column":69}},"14":{"start":{"line":27,"column":17},"end":{"line":27,"column":46}},"15":{"start":{"line":28,"column":4},"end":{"line":28,"column":22}},"16":{"start":{"line":29,"column":4},"end":{"line":29,"column":67}},"17":{"start":{"line":31,"column":4},"end":{"line":33,"column":5}},"18":{"start":{"line":32,"column":6},"end":{"line":32,"column":69}},"19":{"start":{"line":34,"column":4},"end":{"line":34,"column":40}},"20":{"start":{"line":35,"column":4},"end":{"line":35,"column":49}},"21":{"start":{"line":40,"column":0},"end":{"line":73,"column":3}},"22":{"start":{"line":41,"column":2},"end":{"line":72,"column":3}},"23":{"start":{"line":42,"column":32},"end":{"line":42,"column":40}},"24":{"start":{"line":45,"column":4},"end":{"line":47,"column":5}},"25":{"start":{"line":46,"column":6},"end":{"line":46,"column":80}},"26":{"start":{"line":49,"column":17},"end":{"line":49,"column":46}},"27":{"start":{"line":50,"column":4},"end":{"line":52,"column":5}},"28":{"start":{"line":51,"column":6},"end":{"line":51,"column":68}},"29":{"start":{"line":54,"column":18},"end":{"line":58,"column":5}},"30":{"start":{"line":60,"column":4},"end":{"line":68,"column":7}},"31":{"start":{"line":70,"column":4},"end":{"line":70,"column":39}},"32":{"start":{"line":71,"column":4},"end":{"line":71,"column":61}},"33":{"start":{"line":75,"column":0},"end":{"line":75,"column":24}}},"fnMap":{"0":{"name":"(anonymous_0)","decl":{"start":{"line":8,"column":23},"end":{"line":8,"column":24}},"loc":{"start":{"line":8,"column":43},"end":{"line":37,"column":1}},"line":8},"1":{"name":"(anonymous_1)","decl":{"start":{"line":40,"column":22},"end":{"line":40,"column":23}},"loc":{"start":{"line":40,"column":42},"end":{"line":73,"column":1}},"line":40}},"branchMap":{"0":{"loc":{"start":{"line":13,"column":4},"end":{"line":15,"column":5}},"type":"if","locations":[{"start":{"line":13,"column":4},"end":{"line":15,"column":5}},{"start":{},"end":{}}],"line":13},"1":{"loc":{"start":{"line":13,"column":8},"end":{"line":13,"column":27}},"type":"binary-expr","locations":[{"start":{"line":13,"column":8},"end":{"line":13,"column":14}},{"start":{"line":13,"column":18},"end":{"line":13,"column":27}}],"line":13},"2":{"loc":{"start":{"line":17,"column":4},"end":{"line":19,"column":5}},"type":"if","locations":[{"start":{"line":17,"column":4},"end":{"line":19,"column":5}},{"start":{},"end":{}}],"line":17},"3":{"loc":{"start":{"line":23,"column":4},"end":{"line":25,"column":5}},"type":"if","locations":[{"start":{"line":23,"column":4},"end":{"line":25,"column":5}},{"start":{},"end":{}}],"line":23},"4":{"loc":{"start":{"line":31,"column":4},"end":{"line":33,"column":5}},"type":"if","locations":[{"start":{"line":31,"column":4},"end":{"line":33,"column":5}},{"start":{},"end":{}}],"line":31},"5":{"loc":{"start":{"line":45,"column":4},"end":{"line":47,"column":5}},"type":"if","locations":[{"start":{"line":45,"column":4},"end":{"line":47,"column":5}},{"start":{},"end":{}}],"line":45},"6":{"loc":{"start":{"line":45,"column":8},"end":{"line":45,"column":27}},"type":"binary-expr","locations":[{"start":{"line":45,"column":8},"end":{"line":45,"column":14}},{"start":{"line":45,"column":18},"end":{"line":45,"column":27}}],"line":45},"7":{"loc":{"start":{"line":50,"column":4},"end":{"line":52,"column":5}},"type":"if","locations":[{"start":{"line":50,"column":4},"end":{"line":52,"column":5}},{"start":{},"end":{}}],"line":50},"8":{"loc":{"start":{"line":50,"column":8},"end":{"line":50,"column":56}},"type":"binary-expr","locations":[{"start":{"line":50,"column":8},"end":{"line":50,"column":13}},{"start":{"line":50,"column":17},"end":{"line":50,"column":56}}],"line":50}},"s":{"0":6,"1":6,"2":6,"3":6,"4":6,"5":14,"6":14,"7":14,"8":2,"9":12,"10":1,"11":11,"12":11,"13":5,"14":6,"15":6,"16":5,"17":1,"18":1,"19":0,"20":0,"21":6,"22":6,"23":6,"24":6,"25":2,"26":4,"27":3,"28":2,"29":1,"30":1,"31":1,"32":1,"33":6},"f":{"0":14,"1":6},"b":{"0":[2,12],"1":[14,13],"2":[1,11],"3":[5,6],"4":[1,0],"5":[2,4],"6":[6,5],"7":[2,1],"8":[3,2]},"_coverageSchema":"1a1c01bbd47fc00a2c39e90264f33305004495a9","hash":"e42135dca9038ec05263050fed1f6c3de68ab45b"}
,"/Users/nikhil/Desktop/crypto-credits-app/backend/routes/user.js": {"path":"/Users/nikhil/Desktop/crypto-credits-app/backend/routes/user.js","statementMap":{"0":{"start":{"line":1,"column":16},"end":{"line":1,"column":34}},"1":{"start":{"line":2,"column":13},"end":{"line":2,"column":38}},"2":{"start":{"line":3,"column":23},"end":{"line":3,"column":52}},"3":{"start":{"line":5,"column":15},"end":{"line":5,"column":31}},"4":{"start":{"line":8,"column":0},"end":{"line":22,"column":3}},"5":{"start":{"line":9,"column":2},"end":{"line":21,"column":3}},"6":{"start":{"line":10,"column":17},"end":{"line":10,"column":48}},"7":{"start":{"line":11,"column":4},"end":{"line":13,"column":5}},"8":{"start":{"line":12,"column":6},"end":{"line":12,"column":63}},"9":{"start":{"line":14,"column":4},"end":{"line":17,"column":7}},"10":{"start":{"line":19,"column":4},"end":{"line":19,"column":45}},"11":{"start":{"line":20,"column":4},"end":{"line":20,"column":61}},"12":{"start":{"line":25,"column":0},"end":{"line":90,"column":3}},"13":{"start":{"line":26,"column":2},"end":{"line":89,"column":3}},"14":{"start":{"line":27,"column":30},"end":{"line":27,"column":38}},"15":{"start":{"line":28,"column":19},"end":{"line":28,"column":29}},"16":{"start":{"line":30,"column":4},"end":{"line":30,"column":73}},"17":{"start":{"line":33,"column":4},"end":{"line":36,"column":5}},"18":{"start":{"line":34,"column":6},"end":{"line":34,"column":51}},"19":{"start":{"line":35,"column":6},"end":{"line":35,"column":78}},"20":{"start":{"line":39,"column":4},"end":{"line":54,"column":5}},"21":{"start":{"line":40,"column":32},"end":{"line":40,"column":66}},"22":{"start":{"line":41,"column":27},"end":{"line":44,"column":8}},"23":{"start":{"line":46,"column":6},"end":{"line":51,"column":7}},"24":{"start":{"line":47,"column":8},"end":{"line":47,"column":85}},"25":{"start":{"line":48,"column":8},"end":{"line":50,"column":11}},"26":{"start":{"line":53,"column":6},"end":{"line":53,"column":49}},"27":{"start":{"line":57,"column":17},"end":{"line":63,"column":5}},"28":{"start":{"line":65,"column":4},"end":{"line":68,"column":5}},"29":{"start":{"line":66,"column":6},"end":{"line":66,"column":36}},"30":{"start":{"line":67,"column":6},"end":{"line":67,"column":63}},"31":{"start":{"line":70,"column":19},"end":{"line":70,"column":63}},"32":{"start":{"line":71,"column":4},"end":{"line":71,"column":71}},"33":{"start":{"line":73,"column":4},"end":{"line":76,"column":7}},"34":{"start":{"line":79,"column":4},"end":{"line":79,"column":47}},"35":{"start":{"line":82,"column":4},"end":{"line":86,"column":5}},"36":{"start":{"line":83,"column":6},"end":{"line":85,"column":9}},"37":{"start":{"line":88,"column":4},"end":{"line":88,"column":61}},"38":{"start":{"line":92,"column":0},"end":{"line":92,"column":24}}},"fnMap":{"0":{"name":"(anonymous_0)","decl":{"start":{"line":8,"column":39},"end":{"line":8,"column":40}},"loc":{"start":{"line":8,"column":59},"end":{"line":22,"column":1}},"line":8},"1":{"name":"(anonymous_1)","decl":{"start":{"line":25,"column":39},"end":{"line":25,"column":40}},"loc":{"start":{"line":25,"column":59},"end":{"line":90,"column":1}},"line":25}},"branchMap":{"0":{"loc":{"start":{"line":11,"column":4},"end":{"line":13,"column":5}},"type":"if","locations":[{"start":{"line":11,"column":4},"end":{"line":13,"column":5}},{"start":{},"end":{}}],"line":11},"1":{"loc":{"start":{"line":33,"column":4},"end":{"line":36,"column":5}},"type":"if","locations":[{"start":{"line":33,"column":4},"end":{"line":36,"column":5}},{"start":{},"end":{}}],"line":33},"2":{"loc":{"start":{"line":33,"column":8},"end":{"line":33,"column":68}},"type":"binary-expr","locations":[{"start":{"line":33,"column":8},"end":{"line":33,"column":21}},{"start":{"line":33,"column":25},"end":{"line":33,"column":68}}],"line":33},"3":{"loc":{"start":{"line":39,"column":4},"end":{"line":54,"column":5}},"type":"if","locations":[{"start":{"line":39,"column":4},"end":{"line":54,"column":5}},{"start":{},"end":{}}],"line":39},"4":{"loc":{"start":{"line":46,"column":6},"end":{"line":51,"column":7}},"type":"if","locations":[{"start":{"line":46,"column":6},"end":{"line":51,"column":7}},{"start":{},"end":{}}],"line":46},"5":{"loc":{"start":{"line":60,"column":23},"end":{"line":60,"column":80}},"type":"cond-expr","locations":[{"start":{"line":60,"column":39},"end":{"line":60,"column":73}},{"start":{"line":60,"column":76},"end":{"line":60,"column":80}}],"line":60},"6":{"loc":{"start":{"line":65,"column":4},"end":{"line":68,"column":5}},"type":"if","locations":[{"start":{"line":65,"column":4},"end":{"line":68,"column":5}},{"start":{},"end":{}}],"line":65},"7":{"loc":{"start":{"line":70,"column":19},"end":{"line":70,"column":63}},"type":"cond-expr","locations":[{"start":{"line":70,"column":35},"end":{"line":70,"column":46}},{"start":{"line":70,"column":49},"end":{"line":70,"column":63}}],"line":70},"8":{"loc":{"start":{"line":75,"column":15},"end":{"line":75,"column":86}},"type":"cond-expr","locations":[{"start":{"line":75,"column":31},"end":{"line":75,"column":62}},{"start":{"line":75,"column":65},"end":{"line":75,"column":86}}],"line":75},"9":{"loc":{"start":{"line":82,"column":4},"end":{"line":86,"column":5}},"type":"if","locations":[{"start":{"line":82,"column":4},"end":{"line":86,"column":5}},{"start":{},"end":{}}],"line":82}},"s":{"0":6,"1":6,"2":6,"3":6,"4":6,"5":10,"6":10,"7":10,"8":1,"9":9,"10":0,"11":0,"12":6,"13":5,"14":5,"15":5,"16":5,"17":5,"18":1,"19":1,"20":4,"21":3,"22":3,"23":3,"24":0,"25":0,"26":3,"27":4,"28":4,"29":0,"30":0,"31":4,"32":4,"33":4,"34":0,"35":0,"36":0,"37":0,"38":6},"f":{"0":10,"1":5},"b":{"0":[1,9],"1":[1,4],"2":[5,4],"3":[3,1],"4":[0,3],"5":[3,1],"6":[0,4],"7":[3,1],"8":[3,1],"9":[0,0]},"_coverageSchema":"1a1c01bbd47fc00a2c39e90264f33305004495a9","hash":"fa556409acdaf32b862d2430e14546881754a1be"}
}
