TN:
SF:app.js
FN:22,(anonymous_0)
FN:23,(anonymous_1)
FN:27,(anonymous_2)
FN:36,(anonymous_3)
FN:99,(anonymous_4)
FN:219,(anonymous_5)
FN:225,(anonymous_6)
FNF:7
FNH:5
FNDA:0,(anonymous_0)
FNDA:0,(anonymous_1)
FNDA:2,(anonymous_2)
FNDA:19,(anonymous_3)
FNDA:17,(anonymous_4)
FNDA:3,(anonymous_5)
FNDA:7,(anonymous_6)
DA:1,6
DA:2,6
DA:3,6
DA:4,6
DA:5,6
DA:6,6
DA:7,6
DA:8,6
DA:11,6
DA:13,6
DA:16,6
DA:17,6
DA:20,6
DA:21,0
DA:22,0
DA:23,0
DA:27,6
DA:28,2
DA:32,6
DA:33,6
DA:36,6
DA:37,19
DA:38,19
DA:40,19
DA:41,3
DA:48,16
DA:49,15
DA:50,1
DA:57,14
DA:58,1
DA:66,13
DA:67,13
DA:68,13
DA:70,13
DA:72,13
DA:73,13
DA:74,13
DA:75,13
DA:76,13
DA:78,13
DA:90,1
DA:91,1
DA:99,6
DA:100,17
DA:101,17
DA:102,17
DA:103,17
DA:104,17
DA:109,17
DA:111,14
DA:112,14
DA:113,1
DA:114,1
DA:117,13
DA:118,13
DA:119,1
DA:120,1
DA:123,12
DA:124,12
DA:125,12
DA:126,12
DA:127,12
DA:129,2
DA:131,0
DA:132,0
DA:134,0
DA:138,2
DA:139,2
DA:140,2
DA:143,12
DA:144,12
DA:145,12
DA:146,12
DA:147,12
DA:148,12
DA:151,12
DA:152,0
DA:153,0
DA:156,12
DA:157,1
DA:158,1
DA:159,1
DA:160,1
DA:163,11
DA:164,2
DA:165,2
DA:168,9
DA:169,1
DA:170,1
DA:174,8
DA:175,7
DA:176,1
DA:177,1
DA:180,6
DA:183,6
DA:184,6
DA:185,5
DA:186,4
DA:187,2
DA:189,6
DA:190,6
DA:191,6
DA:192,6
DA:194,6
DA:195,5
DA:196,5
DA:197,5
DA:199,5
DA:200,5
DA:201,5
DA:202,5
DA:203,5
DA:205,1
DA:208,6
DA:209,6
DA:212,2
DA:213,2
DA:214,2
DA:219,6
DA:220,3
DA:221,3
DA:225,6
DA:226,7
DA:229,6
LF:124
LH:116
BRDA:20,0,0,0
BRDA:20,0,1,6
BRDA:40,1,0,3
BRDA:40,1,1,16
BRDA:40,2,0,19
BRDA:40,2,1,17
BRDA:49,3,0,1
BRDA:49,3,1,14
BRDA:57,4,0,1
BRDA:57,4,1,13
BRDA:109,5,0,14
BRDA:109,5,1,2
BRDA:112,6,0,1
BRDA:112,6,1,13
BRDA:117,7,0,13
BRDA:117,7,1,13
BRDA:118,8,0,1
BRDA:118,8,1,12
BRDA:129,9,0,0
BRDA:129,9,1,2
BRDA:129,10,0,2
BRDA:129,10,1,0
BRDA:151,11,0,0
BRDA:151,11,1,12
BRDA:151,12,0,12
BRDA:151,12,1,12
BRDA:151,12,2,12
BRDA:151,12,3,12
BRDA:156,13,0,1
BRDA:156,13,1,11
BRDA:163,14,0,2
BRDA:163,14,1,9
BRDA:163,15,0,11
BRDA:163,15,1,11
BRDA:168,16,0,1
BRDA:168,16,1,8
BRDA:175,17,0,1
BRDA:175,17,1,6
BRDA:184,18,0,1
BRDA:184,18,1,5
BRDA:185,19,0,1
BRDA:185,19,1,4
BRDA:186,20,0,2
BRDA:186,20,1,2
BRDA:187,21,0,1
BRDA:187,21,1,1
BRDA:194,22,0,5
BRDA:194,22,1,1
BRF:48
BRH:44
end_of_record
TN:
SF:cleanup_db.js
FN:5,cleanupDatabase
FN:19,(anonymous_1)
FN:37,(anonymous_2)
FN:58,(anonymous_3)
FNF:4
FNH:0
FNDA:0,cleanupDatabase
FNDA:0,(anonymous_1)
FNDA:0,(anonymous_2)
FNDA:0,(anonymous_3)
DA:1,0
DA:2,0
DA:3,0
DA:6,0
DA:7,0
DA:8,0
DA:9,0
DA:12,0
DA:13,0
DA:16,0
DA:17,0
DA:19,0
DA:20,0
DA:21,0
DA:22,0
DA:23,0
DA:28,0
DA:33,0
DA:35,0
DA:36,0
DA:37,0
DA:38,0
DA:39,0
DA:43,0
DA:44,0
DA:46,0
DA:47,0
DA:48,0
DA:57,0
DA:58,0
DA:59,0
DA:62,0
DA:63,0
DA:68,0
DA:71,0
DA:73,0
DA:74,0
DA:78,0
LF:38
LH:0
BRDA:20,0,0,0
BRDA:20,0,1,0
BRDA:22,1,0,0
BRDA:22,1,1,0
BRDA:35,2,0,0
BRDA:35,2,1,0
BRF:6
BRH:0
end_of_record
TN:
SF:debug_admin.js
FN:5,(anonymous_0)
FN:27,(anonymous_1)
FNF:2
FNH:0
FNDA:0,(anonymous_0)
FNDA:0,(anonymous_1)
DA:1,0
DA:2,0
DA:3,0
DA:5,0
DA:6,0
DA:7,0
DA:8,0
DA:10,0
DA:11,0
DA:12,0
DA:13,0
DA:15,0
DA:16,0
DA:22,0
DA:23,0
DA:26,0
DA:28,0
DA:29,0
LF:18
LH:0
BRDA:10,0,0,0
BRDA:10,0,1,0
BRF:2
BRH:0
end_of_record
TN:
SF:index.js
FN:8,(anonymous_0)
FN:17,(anonymous_1)
FNF:2
FNH:0
FNDA:0,(anonymous_0)
FNDA:0,(anonymous_1)
DA:1,0
DA:2,0
DA:4,0
DA:7,0
DA:8,0
DA:10,0
DA:11,0
DA:12,0
DA:13,0
DA:17,0
DA:18,0
DA:19,0
DA:20,0
LF:13
LH:0
BRDA:4,0,0,0
BRDA:4,0,1,0
BRDA:10,1,0,0
BRDA:10,1,1,0
BRDA:19,2,0,0
BRDA:19,2,1,0
BRDA:20,3,0,0
BRDA:20,3,1,0
BRF:8
BRH:0
end_of_record
TN:
SF:middleware/auth.js
FN:3,(anonymous_0)
FNF:1
FNH:1
FNDA:41,(anonymous_0)
DA:1,6
DA:3,6
DA:4,41
DA:5,41
DA:6,36
DA:7,36
DA:8,15
DA:9,15
DA:11,21
LF:9
LH:9
BRDA:5,0,0,5
BRDA:5,0,1,36
BRF:2
BRH:2
end_of_record
TN:
SF:models/User.js
FN:26,(anonymous_0)
FN:33,(anonymous_1)
FNF:2
FNH:2
FNDA:110,(anonymous_0)
FNDA:6,(anonymous_1)
DA:1,7
DA:2,7
DA:4,7
DA:26,7
DA:27,110
DA:28,91
DA:29,91
DA:33,7
DA:34,6
DA:37,7
LF:10
LH:10
BRDA:27,0,0,19
BRDA:27,0,1,91
BRF:2
BRH:2
end_of_record
TN:
SF:routes/auth.js
FN:8,(anonymous_0)
FN:40,(anonymous_1)
FNF:2
FNH:2
FNDA:14,(anonymous_0)
FNDA:6,(anonymous_1)
DA:1,6
DA:2,6
DA:3,6
DA:5,6
DA:8,6
DA:9,14
DA:10,14
DA:13,14
DA:14,2
DA:17,12
DA:18,1
DA:22,11
DA:23,11
DA:24,5
DA:27,6
DA:28,6
DA:29,5
DA:31,1
DA:32,1
DA:34,0
DA:35,0
DA:40,6
DA:41,6
DA:42,6
DA:45,6
DA:46,2
DA:49,4
DA:50,3
DA:51,2
DA:54,1
DA:60,1
DA:70,1
DA:71,1
DA:75,6
LF:34
LH:32
BRDA:13,0,0,2
BRDA:13,0,1,12
BRDA:13,1,0,14
BRDA:13,1,1,13
BRDA:17,2,0,1
BRDA:17,2,1,11
BRDA:23,3,0,5
BRDA:23,3,1,6
BRDA:31,4,0,1
BRDA:31,4,1,0
BRDA:45,5,0,2
BRDA:45,5,1,4
BRDA:45,6,0,6
BRDA:45,6,1,5
BRDA:50,7,0,2
BRDA:50,7,1,1
BRDA:50,8,0,3
BRDA:50,8,1,2
BRF:18
BRH:17
end_of_record
TN:
SF:routes/user.js
FN:8,(anonymous_0)
FN:25,(anonymous_1)
FNF:2
FNH:2
FNDA:10,(anonymous_0)
FNDA:5,(anonymous_1)
DA:1,6
DA:2,6
DA:3,6
DA:5,6
DA:8,6
DA:9,10
DA:10,10
DA:11,10
DA:12,1
DA:14,9
DA:19,0
DA:20,0
DA:25,6
DA:26,5
DA:27,5
DA:28,5
DA:30,5
DA:33,5
DA:34,1
DA:35,1
DA:39,4
DA:40,3
DA:41,3
DA:46,3
DA:47,0
DA:48,0
DA:53,3
DA:57,4
DA:65,4
DA:66,0
DA:67,0
DA:70,4
DA:71,4
DA:73,4
DA:79,0
DA:82,0
DA:83,0
DA:88,0
DA:92,6
LF:39
LH:29
BRDA:11,0,0,1
BRDA:11,0,1,9
BRDA:33,1,0,1
BRDA:33,1,1,4
BRDA:33,2,0,5
BRDA:33,2,1,4
BRDA:39,3,0,3
BRDA:39,3,1,1
BRDA:46,4,0,0
BRDA:46,4,1,3
BRDA:60,5,0,3
BRDA:60,5,1,1
BRDA:65,6,0,0
BRDA:65,6,1,4
BRDA:70,7,0,3
BRDA:70,7,1,1
BRDA:75,8,0,3
BRDA:75,8,1,1
BRDA:82,9,0,0
BRDA:82,9,1,0
BRF:20
BRH:16
end_of_record
